#
# There is insufficient memory for the Java Runtime Environment to continue.
# Native memory allocation (malloc) failed to allocate 1979952 bytes for Chunk::new
# Possible reasons:
#   The system is out of physical RAM or swap space
#   In 32 bit mode, the process size limit was hit
# Possible solutions:
#   Reduce memory load on the system
#   Increase physical memory or swap space
#   Check if swap backing store is full
#   Use 64 bit Java on a 64 bit OS
#   Decrease Java heap size (-Xmx/-Xms)
#   Decrease number of Java threads
#   Decrease Java thread stack sizes (-Xss)
#   Set larger code cache with -XX:ReservedCodeCacheSize=
# This output file may be truncated or incomplete.
#
#  Out of Memory Error (allocation.cpp:390), pid=6800, tid=1236
#
# JRE version: Java(TM) SE Runtime Environment (8.0_77-b03) (build 1.8.0_77-b03)
# Java VM: Java HotSpot(TM) 64-Bit Server VM (25.77-b03 mixed mode windows-amd64 compressed oops)
# Failed to write core dump. Minidumps are not enabled by default on client versions of Windows
#

---------------  T H R E A D  ---------------

Current thread (0x00000000155e4000):  JavaThread "C2 CompilerThread0" daemon [_thread_in_native, id=1236, stack(0x00000000164c0000,0x00000000165c0000)]

Stack: [0x00000000164c0000,0x00000000165c0000]
[error occurred during error reporting (printing stack bounds), id 0xc0000005]

Native frames: (J=compiled Java code, j=interpreted, Vv=VM code, C=native code)


Current CompileTask:
C2:  12436 5139   !   4       org.springframework.core.annotation.AnnotatedElementUtils::searchWithFindSemantics (713 bytes)


---------------  P R O C E S S  ---------------

Java Threads: ( => current thread )
  0x0000000019da8800 JavaThread "Abandoned connection cleanup thread" daemon [_thread_blocked, id=14596, stack(0x000000001c400000,0x000000001c500000)]
  0x0000000017033800 JavaThread "Tomcat JDBC Pool Cleaner[1943105171:1516076718546]" daemon [_thread_blocked, id=6000, stack(0x000000001c300000,0x000000001c400000)]
  0x0000000016a1d000 JavaThread "container-0" [_thread_blocked, id=8580, stack(0x000000001c000000,0x000000001c100000)]
  0x00000000198b0000 JavaThread "ContainerBackgroundProcessor[StandardEngine[Tomcat]]" daemon [_thread_blocked, id=15208, stack(0x000000001bf00000,0x000000001c000000)]
  0x0000000016912800 JavaThread "localhost-startStop-1" daemon [_thread_blocked, id=9460, stack(0x000000001a940000,0x000000001aa40000)]
  0x0000000019033800 JavaThread "Tomcat-startStop-1" daemon [_thread_blocked, id=4472, stack(0x000000001a570000,0x000000001a670000)]
  0x000000001561e000 JavaThread "Service Thread" daemon [_thread_blocked, id=14688, stack(0x0000000016ac0000,0x0000000016bc0000)]
  0x00000000155f2000 JavaThread "C1 CompilerThread1" daemon [_thread_blocked, id=4468, stack(0x00000000165c0000,0x00000000166c0000)]
=>0x00000000155e4000 JavaThread "C2 CompilerThread0" daemon [_thread_in_native, id=1236, stack(0x00000000164c0000,0x00000000165c0000)]
  0x00000000155e2000 JavaThread "Attach Listener" daemon [_thread_blocked, id=5040, stack(0x00000000163c0000,0x00000000164c0000)]
  0x000000001558b000 JavaThread "Signal Dispatcher" daemon [_thread_blocked, id=5672, stack(0x00000000162c0000,0x00000000163c0000)]
  0x0000000015568800 JavaThread "Finalizer" daemon [_thread_blocked, id=12280, stack(0x00000000161c0000,0x00000000162c0000)]
  0x0000000001540000 JavaThread "Reference Handler" daemon [_thread_blocked, id=8908, stack(0x00000000160c0000,0x00000000161c0000)]
  0x0000000001454000 JavaThread "main" [_thread_in_native, id=14608, stack(0x0000000002c70000,0x0000000002d70000)]

Other Threads:
  0x0000000015545800 VMThread [stack: 0x0000000015fc0000,0x00000000160c0000] [id=15172]
  0x0000000016736800 WatcherThread [stack: 0x0000000016bc0000,0x0000000016cc0000] [id=10608]

VM state:not at safepoint (normal execution)

VM Mutex/Monitor currently owned by a thread: None

Heap:
 PSYoungGen      total 137216K, used 71248K [0x00000000eb180000, 0x00000000f6280000, 0x0000000100000000)
  eden space 123904K, 46% used [0x00000000eb180000,0x00000000eea141e8,0x00000000f2a80000)
  from space 13312K, 99% used [0x00000000f2a80000,0x00000000f377fe68,0x00000000f3780000)
  to   space 15360K, 0% used [0x00000000f5380000,0x00000000f5380000,0x00000000f6280000)
 ParOldGen       total 72192K, used 23268K [0x00000000c1400000, 0x00000000c5a80000, 0x00000000eb180000)
  object space 72192K, 32% used [0x00000000c1400000,0x00000000c2ab93f8,0x00000000c5a80000)
 Metaspace       used 47365K, capacity 47914K, committed 48384K, reserved 1091584K
  class space    used 6011K, capacity 6138K, committed 6144K, reserved 1048576K

Card table byte_map: [0x0000000012570000,0x0000000012770000] byte_map_base: 0x0000000011f66000

Marking Bits: (ParMarkBitMap*) 0x000000005cdd0600
 Begin Bits: [0x0000000012ac0000, 0x0000000013a70000)
 End Bits:   [0x0000000013a70000, 0x0000000014a20000)

Polling page: 0x0000000001330000

CodeCache: size=245760Kb used=17434Kb max_used=17434Kb free=228325Kb
 bounds [0x00000000031b0000, 0x00000000042d0000, 0x00000000121b0000]
 total_blobs=5426 nmethods=4914 adapters=425
 compilation: enabled

Compilation events (10 events):
Event: 12.237 Thread 0x00000000155f2000 5432       2       org.springframework.cglib.core.CodeEmitter::unbox (132 bytes)
Event: 12.238 Thread 0x00000000155f2000 nmethod 5432 0x00000000042c13d0 code [0x00000000042c1600, 0x00000000042c1ea8]
Event: 12.248 Thread 0x00000000155f2000 5433       2       org.springframework.util.ObjectUtils::arrayEquals (290 bytes)
Event: 12.249 Thread 0x00000000155f2000 nmethod 5433 0x00000000042c2650 code [0x00000000042c2880, 0x00000000042c3348]
Event: 12.249 Thread 0x00000000155f2000 5434       2       org.springframework.beans.factory.support.AbstractBeanFactory::doResolveBeanClass (198 bytes)
Event: 12.250 Thread 0x00000000155f2000 nmethod 5434 0x00000000042c36d0 code [0x00000000042c3940, 0x00000000042c4528]
Event: 12.259 Thread 0x00000000155f2000 5435       2       sun.misc.CompoundEnumeration::hasMoreElements (5 bytes)
Event: 12.259 Thread 0x00000000155f2000 nmethod 5435 0x00000000042c5050 code [0x00000000042c51c0, 0x00000000042c5328]
Event: 12.260 Thread 0x00000000155f2000 5436       2       java.lang.String$CaseInsensitiveComparator::compare (111 bytes)
Event: 12.260 Thread 0x00000000155f2000 nmethod 5436 0x00000000042c53d0 code [0x00000000042c55e0, 0x00000000042c5b58]

GC Heap History (10 events):
Event: 4.416 GC heap before
{Heap before GC invocations=9 (full 1):
 PSYoungGen      total 72704K, used 65536K [0x00000000eb180000, 0x00000000f4080000, 0x0000000100000000)
  eden space 65536K, 100% used [0x00000000eb180000,0x00000000ef180000,0x00000000ef180000)
  from space 7168K, 0% used [0x00000000ef180000,0x00000000ef180000,0x00000000ef880000)
  to   space 7680K, 0% used [0x00000000f3900000,0x00000000f3900000,0x00000000f4080000)
 ParOldGen       total 38912K, used 9439K [0x00000000c1400000, 0x00000000c3a00000, 0x00000000eb180000)
  object space 38912K, 24% used [0x00000000c1400000,0x00000000c1d37ed8,0x00000000c3a00000)
 Metaspace       used 24411K, capacity 24770K, committed 24960K, reserved 1071104K
  class space    used 3016K, capacity 3134K, committed 3200K, reserved 1048576K
Event: 4.432 GC heap after
Heap after GC invocations=9 (full 1):
 PSYoungGen      total 100352K, used 5654K [0x00000000eb180000, 0x00000000f3f00000, 0x0000000100000000)
  eden space 94208K, 0% used [0x00000000eb180000,0x00000000eb180000,0x00000000f0d80000)
  from space 6144K, 92% used [0x00000000f3900000,0x00000000f3e858b8,0x00000000f3f00000)
  to   space 7680K, 0% used [0x00000000f3000000,0x00000000f3000000,0x00000000f3780000)
 ParOldGen       total 38912K, used 9439K [0x00000000c1400000, 0x00000000c3a00000, 0x00000000eb180000)
  object space 38912K, 24% used [0x00000000c1400000,0x00000000c1d37ed8,0x00000000c3a00000)
 Metaspace       used 24411K, capacity 24770K, committed 24960K, reserved 1071104K
  class space    used 3016K, capacity 3134K, committed 3200K, reserved 1048576K
}
Event: 5.862 GC heap before
{Heap before GC invocations=10 (full 1):
 PSYoungGen      total 100352K, used 99862K [0x00000000eb180000, 0x00000000f3f00000, 0x0000000100000000)
  eden space 94208K, 100% used [0x00000000eb180000,0x00000000f0d80000,0x00000000f0d80000)
  from space 6144K, 92% used [0x00000000f3900000,0x00000000f3e858b8,0x00000000f3f00000)
  to   space 7680K, 0% used [0x00000000f3000000,0x00000000f3000000,0x00000000f3780000)
 ParOldGen       total 38912K, used 9439K [0x00000000c1400000, 0x00000000c3a00000, 0x00000000eb180000)
  object space 38912K, 24% used [0x00000000c1400000,0x00000000c1d37ed8,0x00000000c3a00000)
 Metaspace       used 29189K, capacity 29600K, committed 29952K, reserved 1075200K
  class space    used 3628K, capacity 3715K, committed 3840K, reserved 1048576K
Event: 5.876 GC heap after
Heap after GC invocations=10 (full 1):
 PSYoungGen      total 124416K, used 7676K [0x00000000eb180000, 0x00000000f3980000, 0x0000000100000000)
  eden space 116736K, 0% used [0x00000000eb180000,0x00000000eb180000,0x00000000f2380000)
  from space 7680K, 99% used [0x00000000f3000000,0x00000000f377f208,0x00000000f3780000)
  to   space 2048K, 0% used [0x00000000f3780000,0x00000000f3780000,0x00000000f3980000)
 ParOldGen       total 38912K, used 14503K [0x00000000c1400000, 0x00000000c3a00000, 0x00000000eb180000)
  object space 38912K, 37% used [0x00000000c1400000,0x00000000c2229f40,0x00000000c3a00000)
 Metaspace       used 29189K, capacity 29600K, committed 29952K, reserved 1075200K
  class space    used 3628K, capacity 3715K, committed 3840K, reserved 1048576K
}
Event: 7.587 GC heap before
{Heap before GC invocations=11 (full 1):
 PSYoungGen      total 124416K, used 82141K [0x00000000eb180000, 0x00000000f3980000, 0x0000000100000000)
  eden space 116736K, 63% used [0x00000000eb180000,0x00000000efa385c0,0x00000000f2380000)
  from space 7680K, 99% used [0x00000000f3000000,0x00000000f377f208,0x00000000f3780000)
  to   space 2048K, 0% used [0x00000000f3780000,0x00000000f3780000,0x00000000f3980000)
 ParOldGen       total 38912K, used 14503K [0x00000000c1400000, 0x00000000c3a00000, 0x00000000eb180000)
  object space 38912K, 37% used [0x00000000c1400000,0x00000000c2229f40,0x00000000c3a00000)
 Metaspace       used 34830K, capacity 35216K, committed 35456K, reserved 1081344K
  class space    used 4314K, capacity 4427K, committed 4480K, reserved 1048576K
Event: 7.602 GC heap after
Heap after GC invocations=11 (full 1):
 PSYoungGen      total 125952K, used 2048K [0x00000000eb180000, 0x00000000f5600000, 0x0000000100000000)
  eden space 123904K, 0% used [0x00000000eb180000,0x00000000eb180000,0x00000000f2a80000)
  from space 2048K, 100% used [0x00000000f3780000,0x00000000f3980000,0x00000000f3980000)
  to   space 13312K, 0% used [0x00000000f2a80000,0x00000000f2a80000,0x00000000f3780000)
 ParOldGen       total 38912K, used 26361K [0x00000000c1400000, 0x00000000c3a00000, 0x00000000eb180000)
  object space 38912K, 67% used [0x00000000c1400000,0x00000000c2dbe478,0x00000000c3a00000)
 Metaspace       used 34830K, capacity 35216K, committed 35456K, reserved 1081344K
  class space    used 4314K, capacity 4427K, committed 4480K, reserved 1048576K
}
Event: 7.602 GC heap before
{Heap before GC invocations=12 (full 2):
 PSYoungGen      total 125952K, used 2048K [0x00000000eb180000, 0x00000000f5600000, 0x0000000100000000)
  eden space 123904K, 0% used [0x00000000eb180000,0x00000000eb180000,0x00000000f2a80000)
  from space 2048K, 100% used [0x00000000f3780000,0x00000000f3980000,0x00000000f3980000)
  to   space 13312K, 0% used [0x00000000f2a80000,0x00000000f2a80000,0x00000000f3780000)
 ParOldGen       total 38912K, used 26361K [0x00000000c1400000, 0x00000000c3a00000, 0x00000000eb180000)
  object space 38912K, 67% used [0x00000000c1400000,0x00000000c2dbe478,0x00000000c3a00000)
 Metaspace       used 34830K, capacity 35216K, committed 35456K, reserved 1081344K
  class space    used 4314K, capacity 4427K, committed 4480K, reserved 1048576K
Event: 7.709 GC heap after
Heap after GC invocations=12 (full 2):
 PSYoungGen      total 125952K, used 0K [0x00000000eb180000, 0x00000000f5600000, 0x0000000100000000)
  eden space 123904K, 0% used [0x00000000eb180000,0x00000000eb180000,0x00000000f2a80000)
  from space 2048K, 0% used [0x00000000f3780000,0x00000000f3780000,0x00000000f3980000)
  to   space 13312K, 0% used [0x00000000f2a80000,0x00000000f2a80000,0x00000000f3780000)
 ParOldGen       total 72192K, used 22393K [0x00000000c1400000, 0x00000000c5a80000, 0x00000000eb180000)
  object space 72192K, 31% used [0x00000000c1400000,0x00000000c29de4c8,0x00000000c5a80000)
 Metaspace       used 34830K, capacity 35216K, committed 35456K, reserved 1081344K
  class space    used 4314K, capacity 4427K, committed 4480K, reserved 1048576K
}
Event: 11.154 GC heap before
{Heap before GC invocations=13 (full 2):
 PSYoungGen      total 125952K, used 123904K [0x00000000eb180000, 0x00000000f5600000, 0x0000000100000000)
  eden space 123904K, 100% used [0x00000000eb180000,0x00000000f2a80000,0x00000000f2a80000)
  from space 2048K, 0% used [0x00000000f3780000,0x00000000f3780000,0x00000000f3980000)
  to   space 13312K, 0% used [0x00000000f2a80000,0x00000000f2a80000,0x00000000f3780000)
 ParOldGen       total 72192K, used 22393K [0x00000000c1400000, 0x00000000c5a80000, 0x00000000eb180000)
  object space 72192K, 31% used [0x00000000c1400000,0x00000000c29de4c8,0x00000000c5a80000)
 Metaspace       used 44623K, capacity 45074K, committed 45568K, reserved 1089536K
  class space    used 5661K, capacity 5766K, committed 5888K, reserved 1048576K
Event: 11.187 GC heap after
Heap after GC invocations=13 (full 2):
 PSYoungGen      total 137216K, used 13311K [0x00000000eb180000, 0x00000000f6280000, 0x0000000100000000)
  eden space 123904K, 0% used [0x00000000eb180000,0x00000000eb180000,0x00000000f2a80000)
  from space 13312K, 99% used [0x00000000f2a80000,0x00000000f377fe68,0x00000000f3780000)
  to   space 15360K, 0% used [0x00000000f5380000,0x00000000f5380000,0x00000000f6280000)
 ParOldGen       total 72192K, used 23268K [0x00000000c1400000, 0x00000000c5a80000, 0x00000000eb180000)
  object space 72192K, 32% used [0x00000000c1400000,0x00000000c2ab93f8,0x00000000c5a80000)
 Metaspace       used 44623K, capacity 45074K, committed 45568K, reserved 1089536K
  class space    used 5661K, capacity 5766K, committed 5888K, reserved 1048576K
}

Deoptimization events (10 events):
Event: 11.765 Thread 0x0000000001454000 Uncommon trap: reason=class_check action=maybe_recompile pc=0x0000000003dbce00 method=java.util.regex.Pattern$Curly.match0(Ljava/util/regex/Matcher;IILjava/lang/CharSequence;)Z @ 77
Event: 11.770 Thread 0x0000000001454000 Uncommon trap: reason=class_check action=maybe_recompile pc=0x0000000003dbce00 method=java.util.regex.Pattern$Curly.match0(Ljava/util/regex/Matcher;IILjava/lang/CharSequence;)Z @ 77
Event: 11.794 Thread 0x0000000001454000 Uncommon trap: reason=class_check action=maybe_recompile pc=0x0000000003dbce00 method=java.util.regex.Pattern$Curly.match0(Ljava/util/regex/Matcher;IILjava/lang/CharSequence;)Z @ 77
Event: 11.809 Thread 0x0000000001454000 Uncommon trap: reason=bimorphic action=maybe_recompile pc=0x00000000036d5f48 method=java.util.regex.Pattern$CharProperty.match(Ljava/util/regex/Matcher;ILjava/lang/CharSequence;)Z @ 37
Event: 11.827 Thread 0x0000000001454000 Uncommon trap: reason=bimorphic action=maybe_recompile pc=0x00000000036d5f48 method=java.util.regex.Pattern$CharProperty.match(Ljava/util/regex/Matcher;ILjava/lang/CharSequence;)Z @ 37
Event: 11.827 Thread 0x0000000001454000 Uncommon trap: reason=bimorphic action=maybe_recompile pc=0x00000000036d5f48 method=java.util.regex.Pattern$CharProperty.match(Ljava/util/regex/Matcher;ILjava/lang/CharSequence;)Z @ 37
Event: 11.983 Thread 0x0000000001454000 Uncommon trap: reason=bimorphic action=maybe_recompile pc=0x00000000036d5f48 method=java.util.regex.Pattern$CharProperty.match(Ljava/util/regex/Matcher;ILjava/lang/CharSequence;)Z @ 37
Event: 12.197 Thread 0x0000000001454000 Uncommon trap: reason=unstable_if action=reinterpret pc=0x0000000003864938 method=org.springframework.util.ConcurrentReferenceHashMap$Segment.findInChain(Lorg/springframework/util/ConcurrentReferenceHashMap$Reference;Ljava/lang/Object;I)Lorg/springframeworH’ÊLƒ(@
Event: 12.256 Thread 0x0000000001454000 Uncommon trap: reason=unstable_if action=reinterpret pc=0x000000000334a128 method=sun.reflect.generics.reflectiveObjects.WildcardTypeImpl.getLowerBounds()[Ljava/lang/reflect/Type; @ 23
Event: 12.256 Thread 0x0000000001454000 Uncommon trap: reason=unstable_if action=reinterpret pc=0x0000000003dbf38c method=java.util.WeakHashMap.put(Ljava/lang/Object;Ljava/lang/Object;)Ljava/lang/Object; @ 47

Internal exceptions (10 events):
Event: 12.198 Thread 0x0000000001454000 Exception <a 'java/lang/ClassNotFoundException': org/springframework/beans/factory/FactoryBeanCustomizer> (0x00000000ee076850) thrown at [D:\re\workspace\8-2-build-windows-amd64-cygwin\jdk8u77\6540\hotspot\src\share\vm\classfile\systemDictionary.cpp, line äõ‰"ne(@
Event: 12.198 Thread 0x0000000001454000 Exception <a 'java/lang/ClassNotFoundException': org/springframework/context/ApplicationContextAwareCustomizer> (0x00000000ee08d738) thrown at [D:\re\workspace\8-2-build-windows-amd64-cygwin\jdk8u77\6540\hotspot\src\share\vm\classfile\systemDictionary.cpp,ioL¨—e(@
Event: 12.198 Thread 0x0000000001454000 Exception <a 'java/lang/ClassNotFoundException': org/springframework/context/ApplicationListenerCustomizer> (0x00000000ee0a0c38) thrown at [D:\re\workspace\8-2-build-windows-amd64-cygwin\jdk8u77\6540\hotspot\src\share\vm\classfile\systemDictionary.cpp, lin´sxf(@
Event: 12.199 Thread 0x0000000001454000 Exception <a 'java/lang/ClassNotFoundException': org/springframework/beans/factory/InitializingBeanCustomizer> (0x00000000ee0b4430) thrown at [D:\re\workspace\8-2-build-windows-amd64-cygwin\jdk8u77\6540\hotspot\src\share\vm\classfile\systemDictionary.cpp, 
Event: 12.208 Thread 0x0000000001454000 Exception <a 'java/lang/ClassNotFoundException': java/lang/ObjectCustomizer> (0x00000000ee128000) thrown at [D:\re\workspace\8-2-build-windows-amd64-cygwin\jdk8u77\6540\hotspot\src\share\vm\classfile\systemDictionary.cpp, line 210]
Event: 12.208 Thread 0x0000000001454000 Exception <a 'java/lang/ClassNotFoundException': org/springframework/hateoas/core/DelegatingRelProviderCustomizer> (0x00000000ee13f0f8) thrown at [D:\re\workspace\8-2-build-windows-amd64-cygwin\jdk8u77\6540\hotspot\src\share\vm\classfile\systemDictionary.c'$¶šéj(@
Event: 12.209 Thread 0x0000000001454000 Exception <a 'java/lang/ClassNotFoundException': org/springframework/hateoas/RelProviderCustomizer> (0x00000000ee156e70) thrown at [D:\re\workspace\8-2-build-windows-amd64-cygwin\jdk8u77\6540\hotspot\src\share\vm\classfile\systemDictionary.cpp, line 210]
Event: 12.255 Thread 0x0000000001454000 Exception <a 'java/lang/ClassNotFoundException': java/lang/ObjectCustomizer> (0x00000000ee727a20) thrown at [D:\re\workspace\8-2-build-windows-amd64-cygwin\jdk8u77\6540\hotspot\src\share\vm\classfile\systemDictionary.cpp, line 210]
Event: 12.255 Thread 0x0000000001454000 Exception <a 'java/lang/ClassNotFoundException': org/springframework/data/repository/support/RepositoriesCustomizer> (0x00000000ee73ff10) thrown at [D:\re\workspace\8-2-build-windows-amd64-cygwin\jdk8u77\6540\hotspot\src\share\vm\classfile\systemDictionaryRkÉÎú‚(@
Event: 12.256 Thread 0x0000000001454000 Exception <a 'java/lang/ClassNotFoundException': java/lang/IterableCustomizer> (0x00000000ee758118) thrown at [D:\re\workspace\8-2-build-windows-amd64-cygwin\jdk8u77\6540\hotspot\src\share\vm\classfile\systemDictionary.cpp, line 210]

Events (10 events):
Event: 12.256 Thread 0x0000000001454000 DEOPT UNPACKING pc=0x00000000031f582a sp=0x0000000002d67e10 mode 2
Event: 12.256 Thread 0x0000000001454000 Uncommon trap: trap_request=0xffffff65 fr.pc=0x0000000003dbf38c
Event: 12.256 Thread 0x0000000001454000 DEOPT PACKING pc=0x0000000003dbf38c sp=0x0000000002d67c20
Event: 12.256 Thread 0x0000000001454000 DEOPT UNPACKING pc=0x00000000031f582a sp=0x0000000002d67bb8 mode 2
Event: 12.257 loading class org/springframework/data/util/AnnotatedTypeScanner
Event: 12.257 loading class org/springframework/data/util/AnnotatedTypeScanner done
Event: 12.258 loading class org/springframework/data/util/AnnotatedTypeScanner$InterfaceAwareScanner
Event: 12.258 loading class org/springframework/data/util/AnnotatedTypeScanner$InterfaceAwareScanner done
Event: 12.258 loading class org/springframework/data/rest/core/config/Projection
Event: 12.258 loading class org/springframework/data/rest/core/config/Projection done


Dynamic libraries:
0x00007ff678a90000 - 0x00007ff678ac7000 	D:\Program Files\Java\jdk1.8.0_77\bin\javaw.exe
0x00007ffbb4700000 - 0x00007ffbb48d1000 	C:\WINDOWS\SYSTEM32\ntdll.dll
0x00007ffbb3fa0000 - 0x00007ffbb404c000 	C:\WINDOWS\System32\KERNEL32.DLL
0x00007ffbb1890000 - 0x00007ffbb1aad000 	C:\WINDOWS\System32\KERNELBASE.dll
0x000000005e3d0000 - 0x000000005e45e000 	C:\WINDOWS\System32\SYSFER.DLL
0x00007ffbb45e0000 - 0x00007ffbb4682000 	C:\WINDOWS\System32\ADVAPI32.dll
0x00007ffbb29f0000 - 0x00007ffbb2a8e000 	C:\WINDOWS\System32\msvcrt.dll
0x00007ffbb1c70000 - 0x00007ffbb1cc9000 	C:\WINDOWS\System32\sechost.dll
0x00007ffbb23c0000 - 0x00007ffbb24e1000 	C:\WINDOWS\System32\RPCRT4.dll
0x00007ffbb1d70000 - 0x00007ffbb1ed5000 	C:\WINDOWS\System32\USER32.dll
0x00007ffbb1820000 - 0x00007ffbb183e000 	C:\WINDOWS\System32\win32u.dll
0x00007ffbb2020000 - 0x00007ffbb2054000 	C:\WINDOWS\System32\GDI32.dll
0x00007ffbb1690000 - 0x00007ffbb1812000 	C:\WINDOWS\System32\gdi32full.dll
0x00007ffba83d0000 - 0x00007ffba864a000 	C:\WINDOWS\WinSxS\amd64_microsoft.windows.common-controls_6595b64144ccf1df_6.0.14393.953_none_42151e83c686086b\COMCTL32.dll
0x00007ffbb2510000 - 0x00007ffbb27d8000 	C:\WINDOWS\System32\combase.dll
0x00007ffbb1590000 - 0x00007ffbb1685000 	C:\WINDOWS\System32\ucrtbase.dll
0x00007ffbb1ab0000 - 0x00007ffbb1b1a000 	C:\WINDOWS\System32\bcryptPrimitives.dll
0x00007ffbb2230000 - 0x00007ffbb225e000 	C:\WINDOWS\System32\IMM32.DLL
0x000000005d9d0000 - 0x000000005daa2000 	D:\Program Files\Java\jdk1.8.0_77\jre\bin\msvcr100.dll
0x000000005c5c0000 - 0x000000005ce50000 	D:\Program Files\Java\jdk1.8.0_77\jre\bin\server\jvm.dll
0x00007ffbb2060000 - 0x00007ffbb2068000 	C:\WINDOWS\System32\PSAPI.DLL
0x00007ffba97b0000 - 0x00007ffba97b9000 	C:\WINDOWS\SYSTEM32\WSOCK32.dll
0x00007ffbb4690000 - 0x00007ffbb46fa000 	C:\WINDOWS\System32\WS2_32.dll
0x00007ffbaeff0000 - 0x00007ffbaf013000 	C:\WINDOWS\SYSTEM32\WINMM.dll
0x00007ffba8c40000 - 0x00007ffba8c4a000 	C:\WINDOWS\SYSTEM32\VERSION.dll
0x00007ffbaef90000 - 0x00007ffbaefbb000 	C:\WINDOWS\SYSTEM32\WINMMBASE.dll
0x00007ffbb1840000 - 0x00007ffbb1882000 	C:\WINDOWS\System32\cfgmgr32.dll
0x000000005db70000 - 0x000000005db7f000 	D:\Program Files\Java\jdk1.8.0_77\jre\bin\verify.dll
0x000000005db40000 - 0x000000005db69000 	D:\Program Files\Java\jdk1.8.0_77\jre\bin\java.dll
0x000000005db20000 - 0x000000005db36000 	D:\Program Files\Java\jdk1.8.0_77\jre\bin\zip.dll
0x00007ffbb2a90000 - 0x00007ffbb3f98000 	C:\WINDOWS\System32\SHELL32.dll
0x00007ffbb0bd0000 - 0x00007ffbb12aa000 	C:\WINDOWS\System32\windows.storage.dll
0x00007ffbb0b50000 - 0x00007ffbb0b9c000 	C:\WINDOWS\System32\powrprof.dll
0x00007ffbb21d0000 - 0x00007ffbb2222000 	C:\WINDOWS\System32\shlwapi.dll
0x00007ffbb0bc0000 - 0x00007ffbb0bcf000 	C:\WINDOWS\System32\kernel.appcore.dll
0x00007ffbb12b0000 - 0x00007ffbb1359000 	C:\WINDOWS\System32\shcore.dll
0x00007ffbb0ba0000 - 0x00007ffbb0bb4000 	C:\WINDOWS\System32\profapi.dll
0x000000005d9c0000 - 0x000000005d9cd000 	D:\Program Files\Java\jdk1.8.0_77\jre\bin\management.dll
0x000000005db00000 - 0x000000005db1a000 	D:\Program Files\Java\jdk1.8.0_77\jre\bin\net.dll
0x00007ffbb0470000 - 0x00007ffbb04cc000 	C:\WINDOWS\system32\mswsock.dll
0x00007ffba3480000 - 0x00007ffba3496000 	C:\WINDOWS\system32\napinsp.dll
0x00007ffba34a0000 - 0x00007ffba34ba000 	C:\WINDOWS\system32\pnrpnsp.dll
0x00007ffbae420000 - 0x00007ffbae438000 	C:\WINDOWS\system32\NLAapi.dll
0x00007ffbb0240000 - 0x00007ffbb02e1000 	C:\WINDOWS\SYSTEM32\DNSAPI.dll
0x00007ffbb1f40000 - 0x00007ffbb1f48000 	C:\WINDOWS\System32\NSI.dll
0x00007ffbb01f0000 - 0x00007ffbb0228000 	C:\WINDOWS\SYSTEM32\IPHLPAPI.DLL
0x00007ffba34e0000 - 0x00007ffba34ee000 	C:\WINDOWS\System32\winrnr.dll
0x00007ffba77e0000 - 0x00007ffba77ea000 	C:\Windows\System32\rasadhlp.dll
0x00007ffbaaec0000 - 0x00007ffbaaf2a000 	C:\WINDOWS\System32\fwpuclnt.dll
0x00007ffbb09e0000 - 0x00007ffbb0a0b000 	C:\WINDOWS\SYSTEM32\bcrypt.dll
0x000000005dae0000 - 0x000000005daf1000 	D:\Program Files\Java\jdk1.8.0_77\jre\bin\nio.dll
0x00007ffbb0610000 - 0x00007ffbb0627000 	C:\WINDOWS\SYSTEM32\CRYPTSP.dll
0x00007ffbb0070000 - 0x00007ffbb00a3000 	C:\WINDOWS\system32\rsaenh.dll
0x00007ffbb02f0000 - 0x00007ffbb030f000 	C:\WINDOWS\SYSTEM32\USERENV.dll
0x00007ffbb0630000 - 0x00007ffbb063b000 	C:\WINDOWS\SYSTEM32\CRYPTBASE.dll
0x00007ffbab090000 - 0x00007ffbab0a6000 	C:\WINDOWS\SYSTEM32\dhcpcsvc6.DLL
0x00007ffbab070000 - 0x00007ffbab08a000 	C:\WINDOWS\SYSTEM32\dhcpcsvc.DLL

VM Arguments:
jvm_args: -Dfile.encoding=UTF-8 
java_command: com.example.shop.ShopApplication
java_class_path (initial): C:\Users\lenovo\Downloads\shop\shop\target\classes;C:\Users\lenovo\.m2\repository\org\springframework\boot\spring-boot-starter-data-jpa\1.5.9.RELEASE\spring-boot-starter-data-jpa-1.5.9.RELEASE.jar;C:\Users\lenovo\.m2\repository\org\springframework\boot\spring-boot-starter\1.5.9.RELEASE\spring-boot-starter-1.5.9.RELEASE.jar;C:\Users\lenovo\.m2\repository\org\springframework\boot\spring-boot\1.5.9.RELEASE\spring-boot-1.5.9.RELEASE.jar;C:\Users\lenovo\.m2\repository\org\springframework\boot\spring-boot-autoconfigure\1.5.9.RELEASE\spring-boot-autoconfigure-1.5.9.RELEASE.jar;C:\Users\lenovo\.m2\repository\org\springframework\boot\spring-boot-starter-logging\1.5.9.RELEASE\spring-boot-starter-logging-1.5.9.RELEASE.jar;C:\Users\lenovo\.m2\repository\ch\qos\logback\logback-classic\1.1.11\logback-classic-1.1.11.jar;C:\Users\lenovo\.m2\repository\ch\qos\logback\logback-core\1.1.11\logback-core-1.1.11.jar;C:\Users\lenovo\.m2\repository\org\slf4j\jul-to-slf4j\1.7.25\jul-to-slf4j-1.7.25.jar;C:\Users\lenovo\.m2\repository\org\slf4j\log4j-over-slf4j\1.7.25\log4j-over-slf4j-1.7.25.jar;C:\Users\lenovo\.m2\repository\org\yaml\snakeyaml\1.17\snakeyaml-1.17.jar;C:\Users\lenovo\.m2\repository\org\springframework\boot\spring-boot-starter-aop\1.5.9.RELEASE\spring-boot-starter-aop-1.5.9.RELEASE.jar;C:\Users\lenovo\.m2\repository\org\springframework\spring-aop\4.3.13.RELEASE\spring-aop-4.3.13.RELEASE.jar;C:\Users\lenovo\.m2\repository\org\aspectj\aspectjweaver\1.8.13\aspectjweaver-1.8.13.jar;C:\Users\lenovo\.m2\repository\org\hibernate\hibernate-core\5.0.12.Final\hibernate-core-5.0.12.Final.jar;C:\Users\lenovo\.m2\repository\org\jboss\logging\jboss-logging\3.3.1.Final\jboss-logging-3.3.1.Final.jar;C:\Users\lenovo\.m2\repository\org\hibernate\javax\persistence\hibernate-jpa-2.1-api\1.0.0.Final\hibernate-jpa-2.1-api-1.0.0.Final.jar;C:\Users\lenovo\.m2\repository\org\javassist\javassist\3.21.0-GA\javassist-3.21.0-GA.jar;C:\Users\lenovo\.m2\repository\antlr\antlr\2.7
Launcher Type: SUN_STANDARD

Environment Variables:
JAVA_HOME=D:\Program Files\Java\jdk1.8.0_77
CLASSPATH=.;D:\Program Files\Java\jdk1.8.0_77\lib;D:\Program Files\Java\jdk1.8.0_77\lib\tools.jar;E:\commons-logging-1.2
PATH=D:/Program Files/Java/jdk1.8.0_77/bin/../jre/bin/server;D:/Program Files/Java/jdk1.8.0_77/bin/../jre/bin;D:/Program Files/Java/jdk1.8.0_77/bin/../jre/lib/amd64;D:\Program Files\Java\jdk1.8.0_77\bin;D:\Program Files\Java\jdk1.8.0_77\jre\bin;D:\Java\apache-maven-3.5.2\bin;C:\Program Files (x86)\Intel\iCLS Client\;C:\Program Files\Intel\iCLS Client\;C:\Program Files (x86)\NVIDIA Corporation\PhysX\Common;C:\WINDOWS\system32;C:\WINDOWS;C:\WINDOWS\System32\Wbem;C:\WINDOWS\System32\WindowsPowerShell\v1.0\;C:\Program Files\Intel\Intel(R) Management Engine Components\DAL;C:\Program Files\Intel\Intel(R) Management Engine Components\IPT;C:\Program Files (x86)\Intel\Intel(R) Management Engine Components\DAL;C:\Program Files (x86)\Intel\Intel(R) Management Engine Components\IPT;D:\Program Files\mysql-5.7.11-winx64\\bin;C:\Program Files (x86)\QuickTime\QTSystem\;C:\Python34\;C:\Python34\Scripts;C:\MinGW\bin;C:\Python27\;C:\Python27\Scripts;;C:\Users\lenovo\AppData\Local\Microsoft\WindowsApps;E:\Workspace_bljglass\eclipse;
USERNAME=lenovo
OS=Windows_NT
PROCESSOR_IDENTIFIER=Intel64 Family 6 Model 58 Stepping 9, GenuineIntel



---------------  S Y S T E M  ---------------

OS: Windows 10.0 , 64 bit Build 14393 (10.0.14393.1198)

CPU:total 2 (2 cores per cpu, 1 threads per core) family 6 model 58 stepping 9, cmov, cx8, fxsr, mmx, sse, sse2, sse3, ssse3, sse4.1, sse4.2, popcnt, clmul, erms, tsc, tscinvbit, tscinv

Memory: 4k page, physical 4109512k(203696k free), swap 16692424k(6760k free)

vm_info: Java HotSpot(TM) 64-Bit Server VM (25.77-b03) for windows-amd64 JRE (1.8.0_77-b03), built on Mar 20 2016 22:01:33 by "java_re" with MS VC++ 10.0 (VS2010)

time: Tue Jan 16 12:25:24 2018
elapsed time: 12 seconds (0d 0h 0m 12s)

